yarn run v1.22.22
$ react-scripts build --silent
Creating an optimized production build...
Compiled with warnings.

[eslint] 
src/App.js
  Line 33:8:  'RoleBasedDashboard' is defined but never used  no-unused-vars

src/components/admin/AdminDashboard.js
  Line 7:8:  'AdminUsers' is defined but never used  no-unused-vars

src/components/admin/AdminEvents.js
  Line 15:6:  React Hook useEffect has a missing dependency: 'fetchEvents'. Either include it or remove the dependency array  react-hooks/exhaustive-deps

src/components/admin/AdminForums.js
  Line 24:6:   React Hook useEffect has a missing dependency: 'fetchForumData'. Either include it or remove the dependency array  react-hooks/exhaustive-deps
  Line 31:14:  'threadsData' is assigned a value but never used                                                                   no-unused-vars
  Line 31:27:  'categoriesData' is assigned a value but never used                                                                no-unused-vars
  Line 31:43:  'reportsData' is assigned a value but never used                                                                   no-unused-vars
  Line 120:7:  Expected a default case                                                                                            default-case

src/components/admin/AdminNews.js
  Line 21:6:  React Hook useEffect has a missing dependency: 'fetchNews'. Either include it or remove the dependency array  react-hooks/exhaustive-deps

src/components/admin/AdminStats.js
  Line 12:6:  React Hook useEffect has a missing dependency: 'fetchStats'. Either include it or remove the dependency array  react-hooks/exhaustive-deps

src/components/admin/AdminUsers.js
  Line 16:6:  React Hook useEffect has a missing dependency: 'fetchUsers'. Either include it or remove the dependency array  react-hooks/exhaustive-deps

src/components/admin/EventForm.js
  Line 26:10:  'imageFile' is assigned a value but never used  no-unused-vars
  Line 130:9:  'response' is assigned a value but never used   no-unused-vars

src/components/admin/MatchForm.js
  Line 122:9:  'response' is assigned a value but never used  no-unused-vars
  Line 140:9:  'maps' is assigned a value but never used      no-unused-vars

src/components/admin/ModeratorDashboard.js
  Line 8:17:  'api' is assigned a value but never used  no-unused-vars

src/components/admin/NewsForm.js
  Line 19:10:  'imageFile' is assigned a value but never used  no-unused-vars
  Line 125:9:  'response' is assigned a value but never used   no-unused-vars

src/components/admin/UserForm.js
  Line 24:6:  React Hook useEffect has missing dependencies: 'fetchUser' and 'isEdit'. Either include them or remove the dependency array  react-hooks/exhaustive-deps
  Line 77:9:  'response' is assigned a value but never used                                                                                no-unused-vars

src/components/pages/EventDetailPage.js
  Line 10:11:  'api' is assigned a value but never used                                                                           no-unused-vars
  Line 16:6:   React Hook useEffect has a missing dependency: 'fetchEventData'. Either include it or remove the dependency array  react-hooks/exhaustive-deps

src/components/pages/ForumsPage.js
  Line 6:28:   'setSelectedCategory' is assigned a value but never used  no-unused-vars
  Line 10:10:  'categories' is assigned a value but never used           no-unused-vars

src/components/pages/HomePage.js
  Line 3:10:   'TeamLogo' is defined but never used                                                                                                                                 no-unused-vars
  Line 150:6:  React Hook useCallback has missing dependencies: 'mockDiscussions', 'mockEvents', 'mockMatches', and 'mockNews'. Either include them or remove the dependency array  react-hooks/exhaustive-deps

src/components/pages/MatchDetailPage.js
  Line 7:10:   'activeTab' is assigned a value but never used                                                                        no-unused-vars
  Line 7:21:   'setActiveTab' is assigned a value but never used                                                                     no-unused-vars
  Line 243:6:  React Hook useEffect has a missing dependency: 'fetchMatchDetails'. Either include it or remove the dependency array  react-hooks/exhaustive-deps

src/components/pages/MatchesPage.js
  Line 14:6:  React Hook useEffect has a missing dependency: 'fetchMatches'. Either include it or remove the dependency array  react-hooks/exhaustive-deps

src/components/pages/PlayerDetailPage.js
  Line 10:11:  'api' is assigned a value but never used                                                                            no-unused-vars
  Line 16:6:   React Hook useEffect has a missing dependency: 'fetchPlayerData'. Either include it or remove the dependency array  react-hooks/exhaustive-deps

src/components/pages/PlayersPage.js
  Line 17:6:  React Hook useEffect has a missing dependency: 'fetchPlayers'. Either include it or remove the dependency array  react-hooks/exhaustive-deps

src/components/pages/RankingsPage.js
  Line 10:6:  React Hook useEffect has a missing dependency: 'fetchRankings'. Either include it or remove the dependency array  react-hooks/exhaustive-deps

src/components/pages/StatsPage.js
  Line 15:6:  React Hook useEffect has a missing dependency: 'fetchStatsData'. Either include it or remove the dependency array  react-hooks/exhaustive-deps

src/components/pages/TeamDetailPage.js
  Line 11:11:  'api' is assigned a value but never used                                                                          no-unused-vars
  Line 17:6:   React Hook useEffect has a missing dependency: 'fetchTeamData'. Either include it or remove the dependency array  react-hooks/exhaustive-deps

src/components/pages/ThreadDetailPage.js
  Line 159:6:  React Hook useEffect has a missing dependency: 'fetchThreadData'. Either include it or remove the dependency array  react-hooks/exhaustive-deps

src/components/pages/UserDashboard.js
  Line 5:17:  'api' is assigned a value but never used                                                                          no-unused-vars
  Line 13:6:  React Hook useEffect has a missing dependency: 'fetchUserData'. Either include it or remove the dependency array  react-hooks/exhaustive-deps

src/hooks/index.js
  Line 265:9:  'fetchUser' is assigned a value but never used                                                                                                                                                                            no-unused-vars
  Line 304:9:  The 'login' function makes the dependencies of useMemo Hook (at line 469) change on every render. Move it inside the useMemo callback. Alternatively, wrap the definition of 'login' in its own useCallback() Hook        react-hooks/exhaustive-deps
  Line 348:9:  The 'register' function makes the dependencies of useMemo Hook (at line 469) change on every render. Move it inside the useMemo callback. Alternatively, wrap the definition of 'register' in its own useCallback() Hook  react-hooks/exhaustive-deps
  Line 417:9:  The 'logout' function makes the dependencies of useMemo Hook (at line 469) change on every render. To fix this, wrap the definition of 'logout' in its own useCallback() Hook                                             react-hooks/exhaustive-deps

src/utils/imageUtils.js
  Line 151:1:  Assign object to a variable before exporting as module default  import/no-anonymous-default-export

Search for the keywords to learn more about each warning.
To ignore, add // eslint-disable-next-line to the line before.

File sizes after gzip:

  122.64 kB (+1.15 kB)  build/static/js/main.90a1b9b8.js
  2.24 kB               build/static/css/main.abaa2ae2.css

The project was built assuming it is hosted at /.
You can control this with the homepage field in your package.json.

The build folder is ready to be deployed.
You may serve it with a static server:

  yarn global add serve
  serve -s build

Find out more about deployment here:

  https://cra.link/deployment

Done in 24.48s.
